<?xml version="1.0" encoding="UTF-8"?>
<!-- Generated by org.testng.reporters.JUnitXMLReporter -->
<testsuite hostname="DESKTOP-A9DN365" ignored="0" name="MayJuneTestCases" tests="10" failures="0" timestamp="19 Jun 2021 10:52:36 GMT" time="123.412" errors="0">
  <testcase name="verifyGmoOnlineLoadedSuccusessfully" time="1.856" classname="com.selenium.TestCases.TestCases3"/>
  <testcase name="verifyEnterGMOOnlineLoadedSuccessfully" time="0.746" classname="com.selenium.TestCases.TestCases3"/>
  <testcase name="verifyExternalFrameBackpackOrder" time="1.974" classname="com.selenium.TestCases.TestCases3"/>
  <testcase name="HandlingAlerts" time="13.196" classname="com.selenium.TestCases.TestCases3"/>
  <testcase name="HandlingFrames" time="21.789" classname="com.selenium.TestCases.TestCases3"/>
  <testcase name="handlingWindows" time="11.696" classname="com.selenium.TestCases.TestCases3"/>
  <testcase name="mouseOperations" time="9.608" classname="com.selenium.TestCases.TestCases3"/>
  <testcase name="brokenLinks" time="5.086" classname="com.selenium.TestCases.TestCases3"/>
  <testcase name="DataDrivenAutomationDemoSite" time="35.945" classname="com.selenium.TestCases.TestCases3"/>
  <testcase name="FileUpload" time="14.509" classname="com.selenium.TestCases.TestCases3"/>
</testsuite> <!-- MayJuneTestCases -->
