<?xml version="1.0" encoding="UTF-8"?>
<!-- Generated by org.testng.reporters.JUnitXMLReporter -->
<testsuite hostname="DESKTOP-A9DN365" ignored="0" name="Test" tests="4" failures="0" timestamp="18 Jun 2021 04:16:00 GMT" time="0.074" errors="0">
  <testcase name="testMethodOne" time="0.01" classname="com.testNg.Concepts.TestNgParallelClass1"/>
  <testcase name="testMethodOne" time="0.017" classname="com.testNg.Concepts.TestNgParallelClass2"/>
  <testcase name="testMethodTwo" time="0.005" classname="com.testNg.Concepts.TestNgParallelClass2"/>
  <testcase name="testMethodTwo" time="0.003" classname="com.testNg.Concepts.TestNgParallelClass1"/>
</testsuite> <!-- Test -->
