<?xml version="1.0" encoding="UTF-8"?>
<!-- Generated by org.testng.reporters.JUnitXMLReporter -->
<testsuite hostname="DESKTOP-A9DN365" ignored="3" name="Test2" tests="3" failures="0" timestamp="18 Jun 2021 04:35:11 GMT" time="0.08" errors="0">
  <testcase name="testMethodFive" time="0.017" classname="com.testNg.Concepts.TestngGroups"/>
  <testcase name="testMethodThree" time="0.002" classname="com.testNg.Concepts.TestngGroups"/>
  <testcase name="testMethodTwo" time="0.002" classname="com.testNg.Concepts.TestngGroups"/>
  <testcase name="testMethodFour" time="0.0" classname="com.testNg.Concepts.TestngGroups">
    <ignored/>
  </testcase> <!-- testMethodFour -->
  <testcase name="testMethodOne" time="0.0" classname="com.testNg.Concepts.TestngGroups">
    <ignored/>
  </testcase> <!-- testMethodOne -->
  <testcase name="testMethodsix" time="0.0" classname="com.testNg.Concepts.TestngGroups">
    <ignored/>
  </testcase> <!-- testMethodsix -->
</testsuite> <!-- Test2 -->
