<?xml version="1.0" encoding="UTF-8"?>
<testng-results skipped="0" failed="0" ignored="0" total="2" passed="2">
  <reporter-output>
  </reporter-output>
  <suite name="Default suite" duration-ms="4289" started-at="2021-05-14T05:51:02Z" finished-at="2021-05-14T05:51:06Z">
    <groups>
    </groups>
    <test name="Default test" duration-ms="4289" started-at="2021-05-14T05:51:02Z" finished-at="2021-05-14T05:51:06Z">
      <class name="testNg.TestCases">
        <test-method status="PASS" signature="beforeSuite()[pri:0, instance:testNg.TestCases@335eadca]" name="beforeSuite" is-config="true" duration-ms="17245" started-at="2021-05-14T05:50:44Z" finished-at="2021-05-14T05:51:02Z">
          <reporter-output>
          </reporter-output>
        </test-method> <!-- beforeSuite -->
        <test-method status="PASS" signature="beforeTest()[pri:0, instance:testNg.TestCases@335eadca]" name="beforeTest" is-config="true" duration-ms="263" started-at="2021-05-14T05:51:02Z" finished-at="2021-05-14T05:51:02Z">
          <reporter-output>
          </reporter-output>
        </test-method> <!-- beforeTest -->
        <test-method status="PASS" signature="beforeClass()[pri:0, instance:testNg.TestCases@335eadca]" name="beforeClass" is-config="true" duration-ms="0" started-at="2021-05-14T05:51:02Z" finished-at="2021-05-14T05:51:02Z">
          <reporter-output>
          </reporter-output>
        </test-method> <!-- beforeClass -->
        <test-method status="PASS" signature="beforeMethod()[pri:0, instance:testNg.TestCases@335eadca]" name="beforeMethod" is-config="true" duration-ms="0" started-at="2021-05-14T05:51:02Z" finished-at="2021-05-14T05:51:02Z">
          <reporter-output>
          </reporter-output>
        </test-method> <!-- beforeMethod -->
        <test-method status="PASS" signature="verifyGmoOnlineLoadedSuccusessfully()[pri:0, instance:testNg.TestCases@335eadca]" name="verifyGmoOnlineLoadedSuccusessfully" duration-ms="299" started-at="2021-05-14T05:51:02Z" finished-at="2021-05-14T05:51:02Z">
          <reporter-output>
          </reporter-output>
        </test-method> <!-- verifyGmoOnlineLoadedSuccusessfully -->
        <test-method status="PASS" signature="afterMethod()[pri:0, instance:testNg.TestCases@335eadca]" name="afterMethod" is-config="true" duration-ms="1" started-at="2021-05-14T05:51:02Z" finished-at="2021-05-14T05:51:02Z">
          <reporter-output>
          </reporter-output>
        </test-method> <!-- afterMethod -->
        <test-method status="PASS" signature="beforeMethod()[pri:0, instance:testNg.TestCases@335eadca]" name="beforeMethod" is-config="true" duration-ms="1" started-at="2021-05-14T05:51:02Z" finished-at="2021-05-14T05:51:02Z">
          <reporter-output>
          </reporter-output>
        </test-method> <!-- beforeMethod -->
        <test-method status="PASS" signature="verifyEnterGMOOnlineLoadedSuccessfully()[pri:0, instance:testNg.TestCases@335eadca]" name="verifyEnterGMOOnlineLoadedSuccessfully" duration-ms="3478" started-at="2021-05-14T05:51:02Z" depends-on-methods="testNg.TestCases.verifyGmoOnlineLoadedSuccusessfully" finished-at="2021-05-14T05:51:06Z">
          <reporter-output>
          </reporter-output>
        </test-method> <!-- verifyEnterGMOOnlineLoadedSuccessfully -->
        <test-method status="PASS" signature="afterMethod()[pri:0, instance:testNg.TestCases@335eadca]" name="afterMethod" is-config="true" duration-ms="1" started-at="2021-05-14T05:51:06Z" finished-at="2021-05-14T05:51:06Z">
          <reporter-output>
          </reporter-output>
        </test-method> <!-- afterMethod -->
        <test-method status="PASS" signature="afterTest()[pri:0, instance:testNg.TestCases@335eadca]" name="afterTest" is-config="true" duration-ms="1" started-at="2021-05-14T05:51:06Z" finished-at="2021-05-14T05:51:06Z">
          <reporter-output>
          </reporter-output>
        </test-method> <!-- afterTest -->
        <test-method status="PASS" signature="afterClass()[pri:0, instance:testNg.TestCases@335eadca]" name="afterClass" is-config="true" duration-ms="0" started-at="2021-05-14T05:51:06Z" finished-at="2021-05-14T05:51:06Z">
          <reporter-output>
          </reporter-output>
        </test-method> <!-- afterClass -->
        <test-method status="PASS" signature="afterSuite()[pri:0, instance:testNg.TestCases@335eadca]" name="afterSuite" is-config="true" duration-ms="0" started-at="2021-05-14T05:51:06Z" finished-at="2021-05-14T05:51:06Z">
          <reporter-output>
          </reporter-output>
        </test-method> <!-- afterSuite -->
      </class> <!-- testNg.TestCases -->
    </test> <!-- Default test -->
  </suite> <!-- Default suite -->
</testng-results>
