<?xml version="1.0" encoding="UTF-8"?>
<testng-results skipped="0" failed="0" ignored="0" total="3" passed="3">
  <reporter-output>
  </reporter-output>
  <suite name="Default suite" duration-ms="2000" started-at="2021-05-17T04:44:16Z" finished-at="2021-05-17T04:44:18Z">
    <groups>
    </groups>
    <test name="Default test" duration-ms="2000" started-at="2021-05-17T04:44:16Z" finished-at="2021-05-17T04:44:18Z">
      <class name="testNg.TestCases">
        <test-method status="PASS" signature="beforeSuite()[pri:0, instance:testNg.TestCases@5a8e6209]" name="beforeSuite" is-config="true" duration-ms="4936" started-at="2021-05-17T04:44:11Z" finished-at="2021-05-17T04:44:16Z">
          <reporter-output>
          </reporter-output>
        </test-method> <!-- beforeSuite -->
        <test-method status="PASS" signature="beforeTest()[pri:0, instance:testNg.TestCases@5a8e6209]" name="beforeTest" is-config="true" duration-ms="0" started-at="2021-05-17T04:44:16Z" finished-at="2021-05-17T04:44:16Z">
          <reporter-output>
          </reporter-output>
        </test-method> <!-- beforeTest -->
        <test-method status="PASS" signature="beforeClass()[pri:0, instance:testNg.TestCases@5a8e6209]" name="beforeClass" is-config="true" duration-ms="0" started-at="2021-05-17T04:44:16Z" finished-at="2021-05-17T04:44:16Z">
          <reporter-output>
          </reporter-output>
        </test-method> <!-- beforeClass -->
        <test-method status="PASS" signature="beforeMethod()[pri:0, instance:testNg.TestCases@5a8e6209]" name="beforeMethod" is-config="true" duration-ms="1" started-at="2021-05-17T04:44:16Z" finished-at="2021-05-17T04:44:16Z">
          <reporter-output>
          </reporter-output>
        </test-method> <!-- beforeMethod -->
        <test-method status="PASS" signature="verifyGmoOnlineLoadedSuccusessfully()[pri:0, instance:testNg.TestCases@5a8e6209]" name="verifyGmoOnlineLoadedSuccusessfully" duration-ms="190" started-at="2021-05-17T04:44:16Z" finished-at="2021-05-17T04:44:16Z">
          <reporter-output>
          </reporter-output>
        </test-method> <!-- verifyGmoOnlineLoadedSuccusessfully -->
        <test-method status="PASS" signature="afterMethod()[pri:0, instance:testNg.TestCases@5a8e6209]" name="afterMethod" is-config="true" duration-ms="1" started-at="2021-05-17T04:44:16Z" finished-at="2021-05-17T04:44:16Z">
          <reporter-output>
          </reporter-output>
        </test-method> <!-- afterMethod -->
        <test-method status="PASS" signature="beforeMethod()[pri:0, instance:testNg.TestCases@5a8e6209]" name="beforeMethod" is-config="true" duration-ms="0" started-at="2021-05-17T04:44:16Z" finished-at="2021-05-17T04:44:16Z">
          <reporter-output>
          </reporter-output>
        </test-method> <!-- beforeMethod -->
        <test-method status="PASS" signature="verifyEnterGMOOnlineLoadedSuccessfully()[pri:1, instance:testNg.TestCases@5a8e6209]" name="verifyEnterGMOOnlineLoadedSuccessfully" duration-ms="608" started-at="2021-05-17T04:44:16Z" depends-on-methods="testNg.TestCases.verifyGmoOnlineLoadedSuccusessfully" finished-at="2021-05-17T04:44:17Z">
          <reporter-output>
          </reporter-output>
        </test-method> <!-- verifyEnterGMOOnlineLoadedSuccessfully -->
        <test-method status="PASS" signature="afterMethod()[pri:0, instance:testNg.TestCases@5a8e6209]" name="afterMethod" is-config="true" duration-ms="1" started-at="2021-05-17T04:44:17Z" finished-at="2021-05-17T04:44:17Z">
          <reporter-output>
          </reporter-output>
        </test-method> <!-- afterMethod -->
        <test-method status="PASS" signature="beforeMethod()[pri:0, instance:testNg.TestCases@5a8e6209]" name="beforeMethod" is-config="true" duration-ms="1" started-at="2021-05-17T04:44:17Z" finished-at="2021-05-17T04:44:17Z">
          <reporter-output>
          </reporter-output>
        </test-method> <!-- beforeMethod -->
        <test-method status="PASS" signature="verifyExternalFrameBackpackOrder()[pri:2, instance:testNg.TestCases@5a8e6209]" name="verifyExternalFrameBackpackOrder" duration-ms="1117" started-at="2021-05-17T04:44:17Z" depends-on-methods="testNg.TestCases.verifyEnterGMOOnlineLoadedSuccessfully" finished-at="2021-05-17T04:44:18Z">
          <reporter-output>
          </reporter-output>
        </test-method> <!-- verifyExternalFrameBackpackOrder -->
        <test-method status="PASS" signature="afterMethod()[pri:0, instance:testNg.TestCases@5a8e6209]" name="afterMethod" is-config="true" duration-ms="0" started-at="2021-05-17T04:44:18Z" finished-at="2021-05-17T04:44:18Z">
          <reporter-output>
          </reporter-output>
        </test-method> <!-- afterMethod -->
        <test-method status="PASS" signature="afterClass()[pri:0, instance:testNg.TestCases@5a8e6209]" name="afterClass" is-config="true" duration-ms="0" started-at="2021-05-17T04:44:18Z" finished-at="2021-05-17T04:44:18Z">
          <reporter-output>
          </reporter-output>
        </test-method> <!-- afterClass -->
        <test-method status="PASS" signature="afterTest()[pri:0, instance:testNg.TestCases@5a8e6209]" name="afterTest" is-config="true" duration-ms="0" started-at="2021-05-17T04:44:18Z" finished-at="2021-05-17T04:44:18Z">
          <reporter-output>
          </reporter-output>
        </test-method> <!-- afterTest -->
        <test-method status="PASS" signature="afterSuite()[pri:0, instance:testNg.TestCases@5a8e6209]" name="afterSuite" is-config="true" duration-ms="0" started-at="2021-05-17T04:44:18Z" finished-at="2021-05-17T04:44:18Z">
          <reporter-output>
          </reporter-output>
        </test-method> <!-- afterSuite -->
      </class> <!-- testNg.TestCases -->
    </test> <!-- Default test -->
  </suite> <!-- Default suite -->
</testng-results>
