<?xml version="1.0" encoding="UTF-8"?>
<testng-results skipped="0" failed="0" ignored="3" total="8" passed="5">
  <reporter-output>
  </reporter-output>
  <suite name="Default suite" duration-ms="52566" started-at="2021-05-31T02:23:01Z" finished-at="2021-05-31T02:23:54Z">
    <groups>
    </groups>
    <test name="Default test" duration-ms="52566" started-at="2021-05-31T02:23:01Z" finished-at="2021-05-31T02:23:54Z">
      <class name="testNg.TestCases2">
        <test-method status="PASS" signature="beforeSuite()[pri:0, instance:testNg.TestCases2@67b92f0a]" name="beforeSuite" is-config="true" duration-ms="23" started-at="2021-05-31T02:23:01Z" finished-at="2021-05-31T02:23:01Z">
          <reporter-output>
          </reporter-output>
        </test-method> <!-- beforeSuite -->
        <test-method status="PASS" signature="beforeTest()[pri:0, instance:testNg.TestCases2@67b92f0a]" name="beforeTest" is-config="true" duration-ms="273" started-at="2021-05-31T02:23:01Z" finished-at="2021-05-31T02:23:02Z">
          <reporter-output>
          </reporter-output>
        </test-method> <!-- beforeTest -->
        <test-method status="PASS" signature="beforeClass()[pri:0, instance:testNg.TestCases2@67b92f0a]" name="beforeClass" is-config="true" duration-ms="8085" started-at="2021-05-31T02:23:02Z" finished-at="2021-05-31T02:23:10Z">
          <reporter-output>
          </reporter-output>
        </test-method> <!-- beforeClass -->
        <test-method status="PASS" signature="beforeMethod()[pri:0, instance:testNg.TestCases2@67b92f0a]" name="beforeMethod" is-config="true" duration-ms="1" started-at="2021-05-31T02:23:10Z" finished-at="2021-05-31T02:23:10Z">
          <reporter-output>
          </reporter-output>
        </test-method> <!-- beforeMethod -->
        <test-method status="PASS" signature="HandlingAlerts()[pri:3, instance:testNg.TestCases2@67b92f0a]" name="HandlingAlerts" duration-ms="6458" started-at="2021-05-31T02:23:10Z" finished-at="2021-05-31T02:23:16Z">
          <reporter-output>
          </reporter-output>
        </test-method> <!-- HandlingAlerts -->
        <test-method status="PASS" signature="afterMethod(org.testng.ITestResult)[pri:0, instance:testNg.TestCases2@67b92f0a]" name="afterMethod" is-config="true" duration-ms="18" started-at="2021-05-31T02:23:16Z" finished-at="2021-05-31T02:23:16Z">
          <params>
            <param index="0">
              <value>
                <![CDATA[[TestResult name=HandlingAlerts status=SUCCESS method=TestCases2.HandlingAlerts()[pri:3, instance:testNg.TestCases2@67b92f0a] output={null}]]]>
              </value>
            </param>
          </params>
          <reporter-output>
          </reporter-output>
        </test-method> <!-- afterMethod -->
        <test-method status="PASS" signature="beforeMethod()[pri:0, instance:testNg.TestCases2@67b92f0a]" name="beforeMethod" is-config="true" duration-ms="0" started-at="2021-05-31T02:23:16Z" finished-at="2021-05-31T02:23:16Z">
          <reporter-output>
          </reporter-output>
        </test-method> <!-- beforeMethod -->
        <test-method status="PASS" signature="HandlingFrames()[pri:4, instance:testNg.TestCases2@67b92f0a]" name="HandlingFrames" duration-ms="5701" started-at="2021-05-31T02:23:16Z" finished-at="2021-05-31T02:23:22Z">
          <reporter-output>
          </reporter-output>
        </test-method> <!-- HandlingFrames -->
        <test-method status="PASS" signature="afterMethod(org.testng.ITestResult)[pri:0, instance:testNg.TestCases2@67b92f0a]" name="afterMethod" is-config="true" duration-ms="2" started-at="2021-05-31T02:23:22Z" finished-at="2021-05-31T02:23:22Z">
          <params>
            <param index="0">
              <value>
                <![CDATA[[TestResult name=HandlingFrames status=SUCCESS method=TestCases2.HandlingFrames()[pri:4, instance:testNg.TestCases2@67b92f0a] output={null}]]]>
              </value>
            </param>
          </params>
          <reporter-output>
          </reporter-output>
        </test-method> <!-- afterMethod -->
        <test-method status="PASS" signature="beforeMethod()[pri:0, instance:testNg.TestCases2@67b92f0a]" name="beforeMethod" is-config="true" duration-ms="1" started-at="2021-05-31T02:23:22Z" finished-at="2021-05-31T02:23:22Z">
          <reporter-output>
          </reporter-output>
        </test-method> <!-- beforeMethod -->
        <test-method status="PASS" signature="handlingWindows()[pri:5, instance:testNg.TestCases2@67b92f0a]" name="handlingWindows" duration-ms="5400" started-at="2021-05-31T02:23:22Z" finished-at="2021-05-31T02:23:27Z">
          <reporter-output>
          </reporter-output>
        </test-method> <!-- handlingWindows -->
        <test-method status="PASS" signature="afterMethod(org.testng.ITestResult)[pri:0, instance:testNg.TestCases2@67b92f0a]" name="afterMethod" is-config="true" duration-ms="2" started-at="2021-05-31T02:23:27Z" finished-at="2021-05-31T02:23:27Z">
          <params>
            <param index="0">
              <value>
                <![CDATA[[TestResult name=handlingWindows status=SUCCESS method=TestCases2.handlingWindows()[pri:5, instance:testNg.TestCases2@67b92f0a] output={null}]]]>
              </value>
            </param>
          </params>
          <reporter-output>
          </reporter-output>
        </test-method> <!-- afterMethod -->
        <test-method status="PASS" signature="beforeMethod()[pri:0, instance:testNg.TestCases2@67b92f0a]" name="beforeMethod" is-config="true" duration-ms="0" started-at="2021-05-31T02:23:27Z" finished-at="2021-05-31T02:23:27Z">
          <reporter-output>
          </reporter-output>
        </test-method> <!-- beforeMethod -->
        <test-method status="PASS" signature="mouseOperations()[pri:7, instance:testNg.TestCases2@67b92f0a]" name="mouseOperations" duration-ms="12854" started-at="2021-05-31T02:23:27Z" finished-at="2021-05-31T02:23:40Z">
          <reporter-output>
          </reporter-output>
        </test-method> <!-- mouseOperations -->
        <test-method status="PASS" signature="afterMethod(org.testng.ITestResult)[pri:0, instance:testNg.TestCases2@67b92f0a]" name="afterMethod" is-config="true" duration-ms="2" started-at="2021-05-31T02:23:40Z" finished-at="2021-05-31T02:23:40Z">
          <params>
            <param index="0">
              <value>
                <![CDATA[[TestResult name=mouseOperations status=SUCCESS method=TestCases2.mouseOperations()[pri:7, instance:testNg.TestCases2@67b92f0a] output={null}]]]>
              </value>
            </param>
          </params>
          <reporter-output>
          </reporter-output>
        </test-method> <!-- afterMethod -->
        <test-method status="PASS" signature="beforeMethod()[pri:0, instance:testNg.TestCases2@67b92f0a]" name="beforeMethod" is-config="true" duration-ms="1" started-at="2021-05-31T02:23:40Z" finished-at="2021-05-31T02:23:40Z">
          <reporter-output>
          </reporter-output>
        </test-method> <!-- beforeMethod -->
        <test-method status="PASS" signature="FileUpload()[pri:8, instance:testNg.TestCases2@67b92f0a]" name="FileUpload" duration-ms="12545" started-at="2021-05-31T02:23:40Z" finished-at="2021-05-31T02:23:53Z">
          <reporter-output>
          </reporter-output>
        </test-method> <!-- FileUpload -->
        <test-method status="PASS" signature="afterMethod(org.testng.ITestResult)[pri:0, instance:testNg.TestCases2@67b92f0a]" name="afterMethod" is-config="true" duration-ms="4" started-at="2021-05-31T02:23:53Z" finished-at="2021-05-31T02:23:53Z">
          <params>
            <param index="0">
              <value>
                <![CDATA[[TestResult name=FileUpload status=SUCCESS method=TestCases2.FileUpload()[pri:8, instance:testNg.TestCases2@67b92f0a] output={null}]]]>
              </value>
            </param>
          </params>
          <reporter-output>
          </reporter-output>
        </test-method> <!-- afterMethod -->
        <test-method status="PASS" signature="afterClass()[pri:0, instance:testNg.TestCases2@67b92f0a]" name="afterClass" is-config="true" duration-ms="3" started-at="2021-05-31T02:23:53Z" finished-at="2021-05-31T02:23:53Z">
          <reporter-output>
          </reporter-output>
        </test-method> <!-- afterClass -->
        <test-method status="PASS" signature="afterTest()[pri:0, instance:testNg.TestCases2@67b92f0a]" name="afterTest" is-config="true" duration-ms="1161" started-at="2021-05-31T02:23:53Z" finished-at="2021-05-31T02:23:54Z">
          <reporter-output>
          </reporter-output>
        </test-method> <!-- afterTest -->
        <test-method status="PASS" signature="afterSuite()[pri:0, instance:testNg.TestCases2@67b92f0a]" name="afterSuite" is-config="true" duration-ms="1152" started-at="2021-05-31T02:23:54Z" finished-at="2021-05-31T02:23:55Z">
          <reporter-output>
          </reporter-output>
        </test-method> <!-- afterSuite -->
      </class> <!-- testNg.TestCases2 -->
    </test> <!-- Default test -->
  </suite> <!-- Default suite -->
</testng-results>
